|SourceProjectName:Help.hpr
|DestinationProjectName:index.htm
index_hha.hhk
index.hhc
index.hhk
About_Trial_Registration.htm
CTRP_Help.htm
Recording_Trial_Details.htm
Recording_Trial_Identification_Information.htm
Registering_New_Complete_Trials.htm
Registering_New_Trials.htm
Trial_Phase_Value_Definitions.htm
template\Charcoal_Grey\usersettings.js
index.glo
default.css
template\Charcoal_Grey\layout-rtl.css
template\Charcoal_Grey\layout.css
template\Charcoal_Grey\filter_tab_applied.png
template\Charcoal_Grey\toc_tab_active.png
template\Charcoal_Grey\toc_book_open_mobile.png
template\Charcoal_Grey\preview\sidebar-mobile.png
template\Charcoal_Grey\previous_active.png
template\Charcoal_Grey\search_mobile_navigation.png
template\Charcoal_Grey\toc_mobile.png
template\Charcoal_Grey\previous_mobile.png
template\Charcoal_Grey\preview\glossary-desktop.png
template\Charcoal_Grey\toc_book_closed_desktop_ltr.png
template\Charcoal_Grey\toc_book_open_desktop.png
template\Charcoal_Grey\preview\sidebar-tablet.png
template\Charcoal_Grey\preview\mobile_header.png
template\Charcoal_Grey\toc_link_desktop_ltr.png
template\Charcoal_Grey\toc_book_closed_mobile_ltr.png
template\Charcoal_Grey\previous.png
template\Charcoal_Grey\filter_desktop.png
template\Charcoal_Grey\next_tab.png
template\Charcoal_Grey\toc_book_open_drildown.png
template\Charcoal_Grey\toc_book_closed_mobile_rtl.png
template\Charcoal_Grey\search_desktop.png
template\Charcoal_Grey\preview\filter-mobile.png
template\Charcoal_Grey\next_active.png
template\Charcoal_Grey\next.png
template\Charcoal_Grey\andsearch_mark.png
template\Charcoal_Grey\search_mobile_navigation_active.png
template\Charcoal_Grey\next_mobile.png
template\Charcoal_Grey\logo.png
template\Charcoal_Grey\preview\functionbar-mobile.png
template\Charcoal_Grey\preview\functionbar-tablet.png
template\Charcoal_Grey\search_mobile_active.png
template\Charcoal_Grey\filter_mobile_active.png
template\Charcoal_Grey\filter_nomark_radio.png
template\Charcoal_Grey\toc_link_desktop_rtl.png
template\Charcoal_Grey\preview\search-desktop.png
template\Charcoal_Grey\glossary_tab_active.png
template\Charcoal_Grey\loading.gif
template\Charcoal_Grey\preview\toc-mobile.png
template\Charcoal_Grey\preview\sidebar-desktop.png
template\Charcoal_Grey\search_desktop_navigation.png
template\Charcoal_Grey\preview\layout-media-queries.png
template\Charcoal_Grey\slider_ltr.png
template\Charcoal_Grey\slider_rtl.png
template\Charcoal_Grey\toc_desktop.png
template\Charcoal_Grey\back_to_topic.png
template\Charcoal_Grey\filter_mobile_applied.png
template\Charcoal_Grey\glossary_mobile_active.png
template\Charcoal_Grey\toc_topic_mobile.png
template\Charcoal_Grey\preview\social.png
template\Charcoal_Grey\preview\filter.png
template\Charcoal_Grey\preview\toc.png
template\Charcoal_Grey\preview\search.png
template\Charcoal_Grey\preview\header.png
template\Charcoal_Grey\print_desktop.png
template\Charcoal_Grey\index_desktop.png
template\Charcoal_Grey\slider_open_ltr.png
template\Charcoal_Grey\remove-active.png
template\Charcoal_Grey\slider_open_rtl.png
template\Charcoal_Grey\previous_tab_active.png
template\Charcoal_Grey\idx_topic.png
template\Charcoal_Grey\filter_clearall.png
template\Charcoal_Grey\toc_topic_desktop.png
template\Charcoal_Grey\toc_link_mobile_ltr.png
template\Charcoal_Grey\index_tab.png
template\Charcoal_Grey\back_mobile_filter.png
template\Charcoal_Grey\index_mobile.png
template\Charcoal_Grey\toc_link_mobile_rtl.png
template\Charcoal_Grey\preview\index-mobile.png
template\Charcoal_Grey\preview\user-settings.png
template\Charcoal_Grey\social_close_ltr.png
template\Charcoal_Grey\filter_desktop_applied.png
template\Charcoal_Grey\glossary_desktop.png
template\Charcoal_Grey\search_tab.png
template\Charcoal_Grey\filter_tab.png
template\Charcoal_Grey\toc_tab.png
template\Charcoal_Grey\filter_tab_applied_active.png
template\Charcoal_Grey\social_close_rtl.png
template\Charcoal_Grey\social_open.png
template\Charcoal_Grey\andsearch_nomark.png
template\Charcoal_Grey\filter_mark.png
template\Charcoal_Grey\glossary_mobile.png
template\Charcoal_Grey\toc_mobile_active.png
template\Charcoal_Grey\next_mobile_active.png
template\Charcoal_Grey\preview\index-desktop.png
template\Charcoal_Grey\top.png
template\Charcoal_Grey\search_tab_active.png
template\Charcoal_Grey\filter_tab_active.png
template\Charcoal_Grey\next_tab_active.png
template\Charcoal_Grey\previous_mobile_active.png
template\Charcoal_Grey\filter_mark_radio.png
template\Charcoal_Grey\toc_book_closed_desktop_rtl.png
template\Charcoal_Grey\filter_mobile.png
template\Charcoal_Grey\search_mobile.png
template\Charcoal_Grey\filter_nomark.png
template\Charcoal_Grey\preview\glossary-mobile.png
template\Charcoal_Grey\preview\functionbar-desktop.png
template\Charcoal_Grey\remove.png
template\Charcoal_Grey\search_desktop_active.png
template\Charcoal_Grey\glossary_tab.png
template\Charcoal_Grey\index_tab_active.png
template\Charcoal_Grey\previous_tab.png
template\Charcoal_Grey\filter_mobile_applied_active.png
template\Charcoal_Grey\index_mobile_active.png
template\Charcoal_Grey\preview\content.png
RoboHHRE.lng
ehlpdhtm.js
index.htm
SearchOptions.xml
index.ppf
whxdata\toc4.js
whxdata\toc4.new.js
whxdata\toc3.js
whxdata\toc3.new.js
whxdata\toc2.js
whxdata\toc2.new.js
whxdata\toc5.js
whxdata\toc5.new.js
whxdata\toc1.js
whxdata\toc1.new.js
whxdata\toc.js
whxdata\toc.new.js
ss_btn_related_topics.gif
whxdata\idx.js
whxdata\idx.new.js
whxdata\glo.js
whxdata\glo.new.js
whxdata\package_0_xml.js
whxdata\package_1_xml.js
whxdata\package_2_xml.js
whxdata\package_3_xml.js
whxdata\package_4_xml.js
whxdata\packageindex_xml.js
whxdata\synonym.xml
whxdata\synonym_xml.js
whxdata\topictable_0_xml.js
whxdata\topictableindex_xml.js
whxdata\whfts.xml
whxdata\whfts_xml.js
whxdata\csh.js
whxdata\window.js
projectdata.js
